<?xml version="1.0" encoding="UTF-8"?>
<testsuite name="com.example.tutorial.enclave.ReverseEnclaveTest" tests="1" skipped="0" failures="0" errors="0" timestamp="2022-11-04T18:51:59" hostname="SAMSUNG" time="0.062">
  <properties/>
  <testcase name="reverseString()" classname="com.example.tutorial.enclave.ReverseEnclaveTest" time="0.062"/>
  <system-out><![CDATA[]]></system-out>
  <system-err><![CDATA[SLF4J: Failed to load class "org.slf4j.impl.StaticLoggerBinder".
SLF4J: Defaulting to no-operation (NOP) logger implementation
SLF4J: See http://www.slf4j.org/codes.html#StaticLoggerBinder for further details.
]]></system-err>
</testsuite>
